; Function Declarations
declare i32 @getint()
declare i32 @getch()
declare i32 @getarray(i32*)
declare float @getfloat()
declare i32 @getfarray(float*)
declare void @putint(i32)
declare void @putch(i32)
declare void @putarray(i32, i32*)
declare void @putfloat(float)
declare void @putfarray(i32, float*)
declare void @_sysy_starttime(i32)
declare void @_sysy_stoptime(i32)
declare void @llvm.memset.p0.i32(i8*, i8, i32, i1)

; Global Variable Declarations
@a0 = global [3 x i32] [i32 1,i32 1,i32 1]
@b0 = global [4 x i32] [i32 0,i32 1,i32 1,i32 1]
@c0 = global [7 x i32] [i32 2,i32 8,i32 6,i32 3,i32 9,i32 1,i32 5]
@d0 = global [11 x i32] [i32 1,i32 1,i32 1,i32 1,i32 1,i32 1,i32 1,i32 1,i32 1,i32 1,i32 1]
@e0 = global [2 x i32] [i32 22,i32 33]
@f0 = global [6 x i32] [i32 1,i32 1,i32 1,i32 1,i32 1,i32 1]
@g0 = global [9 x i32] [i32 85,i32 0,i32 1,i32 29,i32 1,i32 1,i32 1,i32 1,i32 1]
@a = global [5 x [3 x i32]] [[3 x i32] [i32 1,i32 1,i32 1],[3 x i32] [i32 1,i32 1,i32 1],[3 x i32] [i32 1,i32 1,i32 1],[3 x i32] [i32 1,i32 1,i32 1],[3 x i32] [i32 1,i32 1,i32 1]]
@b = global [5 x [3 x i32]] [[3 x i32] [i32 1,i32 1,i32 1],[3 x i32] [i32 1,i32 1,i32 1],[3 x i32] [i32 1,i32 1,i32 1],[3 x i32] [i32 1,i32 1,i32 1],[3 x i32] [i32 1,i32 1,i32 1]]
@c = global [5 x [3 x i32]] [[3 x i32] [i32 1,i32 2,i32 3],[3 x i32] [i32 4,i32 5,i32 6],[3 x i32] [i32 7,i32 8,i32 9],[3 x i32] [i32 10,i32 11,i32 12],[3 x i32] [i32 13,i32 14,i32 15]]
@d = global [5 x [3 x i32]] [[3 x i32] [i32 1,i32 2,i32 3],[3 x i32] [i32 4,i32 5,i32 6],[3 x i32] [i32 7,i32 8,i32 9],[3 x i32] [i32 10,i32 11,i32 12],[3 x i32] [i32 13,i32 14,i32 15]]
@e = global [5 x [3 x i32]] [[3 x i32] [i32 1,i32 2,i32 3],[3 x i32] [i32 4,i32 5,i32 6],[3 x i32] [i32 7,i32 8,i32 9],[3 x i32] [i32 10,i32 11,i32 12],[3 x i32] [i32 13,i32 14,i32 15]]
@f = global [5 x i32] [i32 1,i32 1,i32 1,i32 1,i32 1]
@g = global [5 x [3 x i32]] [[3 x i32] [i32 1,i32 2,i32 3],[3 x i32] [i32 4,i32 1,i32 1],[3 x i32] [i32 7,i32 1,i32 1],[3 x i32] [i32 10,i32 11,i32 12],[3 x i32] [i32 1,i32 1,i32 1]]
@h = global [3 x i32] [i32 1,i32 1,i32 1]
@i = global [2 x [3 x [4 x i32]]] [[3 x [4 x i32]] [[4 x i32] [i32 1,i32 2,i32 3,i32 4],[4 x i32] [i32 5,i32 1,i32 1,i32 1],[4 x i32] [i32 1,i32 1,i32 1,i32 1]],[3 x [4 x i32]] [[4 x i32] [i32 1,i32 1,i32 1,i32 1],[4 x i32] [i32 1,i32 1,i32 1,i32 1],[4 x i32] [i32 1,i32 1,i32 1,i32 1]]]

; Function Definitions
define i32 @main()
{
Block0: ; main.entry
	%reg_1 = add i32 5, 0
	ret i32 %reg_1
}
